2017-03-30 14:55:35,582 [Worker-2] INFO  o.e.m.c.i.p.ProjectConfigurationManager - Collecting project info '/pom.xml' D:\OFFICE DRIVE-CODE REPO\REG-PROD-TEST\regTestLegProd\pom.xml
2017-03-30 14:55:36,747 [Worker-2] INFO  o.e.m.c.i.l.LifecycleMappingFactory - Using org.eclipse.m2e.jdt.JarLifecycleMapping lifecycle mapping for MavenProject: com.reg.test.leg.prod:regTestLegProd:0.0.1-SNAPSHOT @ D:\OFFICE DRIVE-CODE REPO\REG-PROD-TEST\regTestLegProd\pom.xml.
2017-03-30 14:55:39,181 [Worker-2] INFO  o.e.m.j.i.AbstractJavaProjectConfigurator - Adding source folder /regTestLegProd/src/main/java
2017-03-30 14:55:39,201 [Worker-2] INFO  o.e.m.j.i.AbstractJavaProjectConfigurator - Adding source folder /regTestLegProd/src/test/java
2017-03-30 14:55:39,202 [Worker-2] INFO  o.e.m.j.i.AbstractJavaProjectConfigurator - Adding resource folder /regTestLegProd/src/test/resources
2017-03-30 14:55:40,531 [Worker-2] INFO  o.e.m.c.i.p.ProjectConfigurationManager - Imported and configured 1 project(s) in 4 sec
2017-03-30 14:55:42,693 [Worker-2] INFO  o.e.m.c.i.embedder.EclipseLogger - Using 'UTF-8' encoding to copy filtered resources.
2017-03-30 14:55:42,693 [Worker-2] INFO  o.e.m.c.i.embedder.EclipseLogger - skip non existing resourceDirectory D:\OFFICE DRIVE-CODE REPO\REG-PROD-TEST\regTestLegProd\src\main\resources
2017-03-30 14:55:42,697 [Worker-2] INFO  o.e.m.c.i.embedder.EclipseLogger - Using 'UTF-8' encoding to copy filtered resources.
2017-03-30 14:55:42,704 [Worker-2] INFO  o.e.m.c.i.embedder.EclipseLogger - Copying 3 resources
2017-03-30 14:55:54,968 [Worker-14] INFO  o.e.m.c.i.embedder.EclipseLogger - Using 'UTF-8' encoding to copy filtered resources.
2017-03-30 14:55:54,968 [Worker-14] INFO  o.e.m.c.i.embedder.EclipseLogger - skip non existing resourceDirectory D:\OFFICE DRIVE-CODE REPO\REG-PROD-TEST\regTestLegProd\src\main\resources
2017-03-30 14:55:54,970 [Worker-14] INFO  o.e.m.c.i.embedder.EclipseLogger - Using 'UTF-8' encoding to copy filtered resources.
2017-03-30 14:55:54,975 [Worker-14] INFO  o.e.m.c.i.embedder.EclipseLogger - Copying 0 resource
2017-03-30 14:55:59,112 [Worker-5] INFO  o.e.m.c.i.embedder.EclipseLogger - Using 'UTF-8' encoding to copy filtered resources.
2017-03-30 14:55:59,112 [Worker-5] INFO  o.e.m.c.i.embedder.EclipseLogger - skip non existing resourceDirectory D:\OFFICE DRIVE-CODE REPO\REG-PROD-TEST\regTestLegProd\src\main\resources
2017-03-30 14:55:59,114 [Worker-5] INFO  o.e.m.c.i.embedder.EclipseLogger - Using 'UTF-8' encoding to copy filtered resources.
2017-03-30 14:55:59,114 [Worker-5] INFO  o.e.m.c.i.embedder.EclipseLogger - Copying 0 resource
2017-03-30 14:56:15,510 [Worker-2] INFO  o.e.m.c.i.embedder.EclipseLogger - Using 'UTF-8' encoding to copy filtered resources.
2017-03-30 14:56:15,510 [Worker-2] INFO  o.e.m.c.i.embedder.EclipseLogger - skip non existing resourceDirectory D:\OFFICE DRIVE-CODE REPO\REG-PROD-TEST\regTestLegProd\src\main\resources
2017-03-30 14:56:15,511 [Worker-2] INFO  o.e.m.c.i.embedder.EclipseLogger - Using 'UTF-8' encoding to copy filtered resources.
2017-03-30 14:56:15,512 [Worker-2] INFO  o.e.m.c.i.embedder.EclipseLogger - Copying 0 resource
2017-03-30 14:56:42,609 [Worker-9] INFO  o.e.m.c.i.embedder.EclipseLogger - Using 'UTF-8' encoding to copy filtered resources.
2017-03-30 14:56:42,609 [Worker-9] INFO  o.e.m.c.i.embedder.EclipseLogger - skip non existing resourceDirectory D:\OFFICE DRIVE-CODE REPO\REG-PROD-TEST\regTestLegProd\src\main\resources
2017-03-30 14:56:42,613 [Worker-9] INFO  o.e.m.c.i.embedder.EclipseLogger - Using 'UTF-8' encoding to copy filtered resources.
2017-03-30 14:56:42,615 [Worker-9] INFO  o.e.m.c.i.embedder.EclipseLogger - Copying 1 resource
2017-03-30 14:57:01,957 [Worker-11] INFO  o.e.m.c.i.embedder.EclipseLogger - Using 'UTF-8' encoding to copy filtered resources.
2017-03-30 14:57:01,957 [Worker-11] INFO  o.e.m.c.i.embedder.EclipseLogger - skip non existing resourceDirectory D:\OFFICE DRIVE-CODE REPO\REG-PROD-TEST\regTestLegProd\src\main\resources
2017-03-30 14:57:01,958 [Worker-11] INFO  o.e.m.c.i.embedder.EclipseLogger - Using 'UTF-8' encoding to copy filtered resources.
2017-03-30 14:57:01,965 [Worker-11] INFO  o.e.m.c.i.embedder.EclipseLogger - Copying 1 resource
2017-03-30 14:57:04,985 [Worker-9] INFO  o.e.m.c.i.embedder.EclipseLogger - Using 'UTF-8' encoding to copy filtered resources.
2017-03-30 14:57:04,986 [Worker-9] INFO  o.e.m.c.i.embedder.EclipseLogger - skip non existing resourceDirectory D:\OFFICE DRIVE-CODE REPO\REG-PROD-TEST\regTestLegProd\src\main\resources
2017-03-30 14:57:04,987 [Worker-9] INFO  o.e.m.c.i.embedder.EclipseLogger - Using 'UTF-8' encoding to copy filtered resources.
2017-03-30 14:57:04,988 [Worker-9] INFO  o.e.m.c.i.embedder.EclipseLogger - Copying 1 resource
2017-03-30 14:57:08,746 [Worker-7] INFO  o.e.m.c.i.embedder.EclipseLogger - Using 'UTF-8' encoding to copy filtered resources.
2017-03-30 14:57:08,746 [Worker-7] INFO  o.e.m.c.i.embedder.EclipseLogger - skip non existing resourceDirectory D:\OFFICE DRIVE-CODE REPO\REG-PROD-TEST\regTestLegProd\src\main\resources
2017-03-30 14:57:08,750 [Worker-7] INFO  o.e.m.c.i.embedder.EclipseLogger - Using 'UTF-8' encoding to copy filtered resources.
2017-03-30 14:57:08,751 [Worker-7] INFO  o.e.m.c.i.embedder.EclipseLogger - Copying 1 resource
2017-03-30 14:57:11,814 [Worker-9] INFO  o.e.m.c.i.embedder.EclipseLogger - Using 'UTF-8' encoding to copy filtered resources.
2017-03-30 14:57:11,814 [Worker-9] INFO  o.e.m.c.i.embedder.EclipseLogger - skip non existing resourceDirectory D:\OFFICE DRIVE-CODE REPO\REG-PROD-TEST\regTestLegProd\src\main\resources
2017-03-30 14:57:11,816 [Worker-9] INFO  o.e.m.c.i.embedder.EclipseLogger - Using 'UTF-8' encoding to copy filtered resources.
2017-03-30 14:57:11,817 [Worker-9] INFO  o.e.m.c.i.embedder.EclipseLogger - Copying 1 resource
2017-03-30 14:57:28,414 [Worker-2] INFO  o.e.m.c.i.embedder.EclipseLogger - Using 'UTF-8' encoding to copy filtered resources.
2017-03-30 14:57:28,414 [Worker-2] INFO  o.e.m.c.i.embedder.EclipseLogger - skip non existing resourceDirectory D:\OFFICE DRIVE-CODE REPO\REG-PROD-TEST\regTestLegProd\src\main\resources
2017-03-30 14:57:28,415 [Worker-2] INFO  o.e.m.c.i.embedder.EclipseLogger - Using 'UTF-8' encoding to copy filtered resources.
2017-03-30 14:57:28,416 [Worker-2] INFO  o.e.m.c.i.embedder.EclipseLogger - Copying 1 resource
2017-03-30 14:57:42,171 [Worker-0] INFO  o.e.m.c.i.embedder.EclipseLogger - Using 'UTF-8' encoding to copy filtered resources.
2017-03-30 14:57:42,171 [Worker-0] INFO  o.e.m.c.i.embedder.EclipseLogger - skip non existing resourceDirectory D:\OFFICE DRIVE-CODE REPO\REG-PROD-TEST\regTestLegProd\src\main\resources
2017-03-30 14:57:42,173 [Worker-0] INFO  o.e.m.c.i.embedder.EclipseLogger - Using 'UTF-8' encoding to copy filtered resources.
2017-03-30 14:57:42,175 [Worker-0] INFO  o.e.m.c.i.embedder.EclipseLogger - Copying 1 resource
2017-03-30 14:58:06,752 [Worker-6] INFO  o.e.m.c.i.embedder.EclipseLogger - Using 'UTF-8' encoding to copy filtered resources.
2017-03-30 14:58:06,752 [Worker-6] INFO  o.e.m.c.i.embedder.EclipseLogger - skip non existing resourceDirectory D:\OFFICE DRIVE-CODE REPO\REG-PROD-TEST\regTestLegProd\src\main\resources
2017-03-30 14:58:06,754 [Worker-6] INFO  o.e.m.c.i.embedder.EclipseLogger - Using 'UTF-8' encoding to copy filtered resources.
2017-03-30 14:58:06,755 [Worker-6] INFO  o.e.m.c.i.embedder.EclipseLogger - Copying 1 resource
2017-03-30 14:58:08,145 [Worker-8] INFO  o.e.m.c.i.embedder.EclipseLogger - Using 'UTF-8' encoding to copy filtered resources.
2017-03-30 14:58:08,145 [Worker-8] INFO  o.e.m.c.i.embedder.EclipseLogger - skip non existing resourceDirectory D:\OFFICE DRIVE-CODE REPO\REG-PROD-TEST\regTestLegProd\src\main\resources
2017-03-30 14:58:08,146 [Worker-8] INFO  o.e.m.c.i.embedder.EclipseLogger - Using 'UTF-8' encoding to copy filtered resources.
2017-03-30 14:58:08,147 [Worker-8] INFO  o.e.m.c.i.embedder.EclipseLogger - Copying 1 resource
2017-03-30 14:58:09,282 [Worker-11] INFO  o.e.m.c.i.embedder.EclipseLogger - Using 'UTF-8' encoding to copy filtered resources.
2017-03-30 14:58:09,282 [Worker-11] INFO  o.e.m.c.i.embedder.EclipseLogger - skip non existing resourceDirectory D:\OFFICE DRIVE-CODE REPO\REG-PROD-TEST\regTestLegProd\src\main\resources
2017-03-30 14:58:09,283 [Worker-11] INFO  o.e.m.c.i.embedder.EclipseLogger - Using 'UTF-8' encoding to copy filtered resources.
2017-03-30 14:58:09,284 [Worker-11] INFO  o.e.m.c.i.embedder.EclipseLogger - Copying 1 resource
2017-03-30 14:58:23,117 [Worker-6] INFO  o.e.m.c.i.embedder.EclipseLogger - Using 'UTF-8' encoding to copy filtered resources.
2017-03-30 14:58:23,117 [Worker-6] INFO  o.e.m.c.i.embedder.EclipseLogger - skip non existing resourceDirectory D:\OFFICE DRIVE-CODE REPO\REG-PROD-TEST\regTestLegProd\src\main\resources
2017-03-30 14:58:23,118 [Worker-6] INFO  o.e.m.c.i.embedder.EclipseLogger - Using 'UTF-8' encoding to copy filtered resources.
2017-03-30 14:58:23,119 [Worker-6] INFO  o.e.m.c.i.embedder.EclipseLogger - Copying 1 resource
2017-03-30 14:58:27,294 [Worker-2] INFO  o.e.m.c.i.embedder.EclipseLogger - Using 'UTF-8' encoding to copy filtered resources.
2017-03-30 14:58:27,294 [Worker-2] INFO  o.e.m.c.i.embedder.EclipseLogger - skip non existing resourceDirectory D:\OFFICE DRIVE-CODE REPO\REG-PROD-TEST\regTestLegProd\src\main\resources
2017-03-30 14:58:27,298 [Worker-2] INFO  o.e.m.c.i.embedder.EclipseLogger - Using 'UTF-8' encoding to copy filtered resources.
2017-03-30 14:58:27,299 [Worker-2] INFO  o.e.m.c.i.embedder.EclipseLogger - Copying 1 resource
2017-03-30 14:58:31,935 [Worker-12] INFO  o.e.m.c.i.embedder.EclipseLogger - Using 'UTF-8' encoding to copy filtered resources.
2017-03-30 14:58:31,935 [Worker-12] INFO  o.e.m.c.i.embedder.EclipseLogger - skip non existing resourceDirectory D:\OFFICE DRIVE-CODE REPO\REG-PROD-TEST\regTestLegProd\src\main\resources
2017-03-30 14:58:31,938 [Worker-12] INFO  o.e.m.c.i.embedder.EclipseLogger - Using 'UTF-8' encoding to copy filtered resources.
2017-03-30 14:58:31,938 [Worker-12] INFO  o.e.m.c.i.embedder.EclipseLogger - Copying 0 resource
2017-03-30 14:58:47,694 [Worker-6] INFO  o.e.m.c.i.embedder.EclipseLogger - Using 'UTF-8' encoding to copy filtered resources.
2017-03-30 14:58:47,694 [Worker-6] INFO  o.e.m.c.i.embedder.EclipseLogger - skip non existing resourceDirectory D:\OFFICE DRIVE-CODE REPO\REG-PROD-TEST\regTestLegProd\src\main\resources
2017-03-30 14:58:47,695 [Worker-6] INFO  o.e.m.c.i.embedder.EclipseLogger - Using 'UTF-8' encoding to copy filtered resources.
2017-03-30 14:58:47,696 [Worker-6] INFO  o.e.m.c.i.embedder.EclipseLogger - Copying 1 resource
2017-03-30 14:58:50,642 [Worker-5] INFO  o.e.m.c.i.embedder.EclipseLogger - Using 'UTF-8' encoding to copy filtered resources.
2017-03-30 14:58:50,642 [Worker-5] INFO  o.e.m.c.i.embedder.EclipseLogger - skip non existing resourceDirectory D:\OFFICE DRIVE-CODE REPO\REG-PROD-TEST\regTestLegProd\src\main\resources
2017-03-30 14:58:50,643 [Worker-5] INFO  o.e.m.c.i.embedder.EclipseLogger - Using 'UTF-8' encoding to copy filtered resources.
2017-03-30 14:58:50,644 [Worker-5] INFO  o.e.m.c.i.embedder.EclipseLogger - Copying 1 resource
2017-03-30 14:58:57,640 [Worker-12] INFO  o.e.m.c.i.embedder.EclipseLogger - Using 'UTF-8' encoding to copy filtered resources.
2017-03-30 14:58:57,640 [Worker-12] INFO  o.e.m.c.i.embedder.EclipseLogger - skip non existing resourceDirectory D:\OFFICE DRIVE-CODE REPO\REG-PROD-TEST\regTestLegProd\src\main\resources
2017-03-30 14:58:57,642 [Worker-12] INFO  o.e.m.c.i.embedder.EclipseLogger - Using 'UTF-8' encoding to copy filtered resources.
2017-03-30 14:58:57,642 [Worker-12] INFO  o.e.m.c.i.embedder.EclipseLogger - Copying 1 resource
2017-03-30 15:00:30,780 [Worker-6] INFO  o.e.m.c.i.embedder.EclipseLogger - Using 'UTF-8' encoding to copy filtered resources.
2017-03-30 15:00:30,781 [Worker-6] INFO  o.e.m.c.i.embedder.EclipseLogger - skip non existing resourceDirectory D:\OFFICE DRIVE-CODE REPO\REG-PROD-TEST\regTestLegProd\src\main\resources
2017-03-30 15:00:30,782 [Worker-6] INFO  o.e.m.c.i.embedder.EclipseLogger - Using 'UTF-8' encoding to copy filtered resources.
2017-03-30 15:00:30,782 [Worker-6] INFO  o.e.m.c.i.embedder.EclipseLogger - Copying 1 resource
2017-03-30 15:00:35,707 [Worker-6] INFO  o.e.m.c.i.embedder.EclipseLogger - Using 'UTF-8' encoding to copy filtered resources.
2017-03-30 15:00:35,708 [Worker-6] INFO  o.e.m.c.i.embedder.EclipseLogger - skip non existing resourceDirectory D:\OFFICE DRIVE-CODE REPO\REG-PROD-TEST\regTestLegProd\src\main\resources
2017-03-30 15:00:35,709 [Worker-6] INFO  o.e.m.c.i.embedder.EclipseLogger - Using 'UTF-8' encoding to copy filtered resources.
2017-03-30 15:00:35,710 [Worker-6] INFO  o.e.m.c.i.embedder.EclipseLogger - Copying 1 resource
2017-03-30 15:01:06,275 [Worker-4] INFO  o.e.m.c.i.embedder.EclipseLogger - Using 'UTF-8' encoding to copy filtered resources.
2017-03-30 15:01:06,275 [Worker-4] INFO  o.e.m.c.i.embedder.EclipseLogger - skip non existing resourceDirectory D:\OFFICE DRIVE-CODE REPO\REG-PROD-TEST\regTestLegProd\src\main\resources
2017-03-30 15:01:06,277 [Worker-4] INFO  o.e.m.c.i.embedder.EclipseLogger - Using 'UTF-8' encoding to copy filtered resources.
2017-03-30 15:01:06,278 [Worker-4] INFO  o.e.m.c.i.embedder.EclipseLogger - Copying 1 resource
